This file contains any messages produced by compilers while
running configure, to aid debugging if configure makes a mistake.

It was created by NCL configure 2.0.02, which was
generated by GNU Autoconf 2.59.  Invocation command line was

  $ ./configure 

## --------- ##
## Platform. ##
## --------- ##

hostname = user-67-159-88-74.wireless.duke.edu
uname -m = i386
uname -r = 9.1.0
uname -s = Darwin
uname -v = Darwin Kernel Version 9.1.0: Wed Oct 31 17:46:22 PDT 2007; root:xnu-1228.0.2~1/RELEASE_I386

/usr/bin/uname -p = i386
/bin/uname -X     = unknown

/bin/arch              = unknown
/usr/bin/arch -k       = unknown
/usr/convex/getsysinfo = unknown
hostinfo               = Mach kernel version:
	 Darwin Kernel Version 9.1.0: Wed Oct 31 17:46:22 PDT 2007; root:xnu-1228.0.2~1/RELEASE_I386
Kernel configured for up to 2 processors.
2 processors are physically available.
2 processors are logically available.
Processor type: i486 (Intel 80486)
Processors active: 0 1
Primary memory available: 2.00 gigabytes
Default processor set: 67 tasks, 277 threads, 2 processors
Load average: 1.10, Mach factor: 0.89
/bin/machine           = unknown
/usr/bin/oslevel       = unknown
/bin/universe          = unknown

PATH: /usr/bin
PATH: /bin
PATH: /usr/sbin
PATH: /sbin
PATH: /usr/local/bin
PATH: /usr/texbin
PATH: /usr/X11/bin
PATH: /usr/local/bin
PATH: /usr/local/graphviz-2.14/bin


## ----------- ##
## Core tests. ##
## ----------- ##

configure:1575: checking for a BSD-compatible install
configure:1630: result: /usr/bin/install -c
configure:1641: checking whether build environment is sane
configure:1684: result: yes
configure:1749: checking for gawk
configure:1778: result: no
configure:1749: checking for mawk
configure:1778: result: no
configure:1749: checking for nawk
configure:1778: result: no
configure:1749: checking for awk
configure:1765: found /usr/bin/awk
configure:1775: result: awk
configure:1785: checking whether make sets $(MAKE)
configure:1805: result: yes
configure:1968: checking how to create a ustar tar archive
configure:1981: tar --version
tar (GNU tar) 1.15.1
configure:1984: $? = 0
configure:2024: tardir=conftest.dir && eval tar --format=ustar -chf - "$tardir" >conftest.tar
configure:2027: $? = 0
configure:2031: tar -xf - <conftest.tar
configure:2034: $? = 0
configure:2047: result: gnutar
configure:2058: checking whether ln -s works
configure:2062: result: yes
configure:2082: checking for a BSD-compatible install
configure:2137: result: /usr/bin/install -c
configure:2209: checking for g++
configure:2225: found /usr/bin/g++
configure:2235: result: g++
configure:2251: checking for C++ compiler version
configure:2254: g++ --version </dev/null >&5
i686-apple-darwin9-g++-4.0.1 (GCC) 4.0.1 (Apple Inc. build 5465)
Copyright (C) 2005 Free Software Foundation, Inc.
This is free software; see the source for copying conditions.  There is NO
warranty; not even for MERCHANTABILITY or FITNESS FOR A PARTICULAR PURPOSE.

configure:2257: $? = 0
configure:2259: g++ -v </dev/null >&5
Using built-in specs.
Target: i686-apple-darwin9
Configured with: /var/tmp/gcc/gcc-5465~16/src/configure --disable-checking -enable-werror --prefix=/usr --mandir=/share/man --enable-languages=c,objc,c++,obj-c++ --program-transform-name=/^[cg][^.-]*$/s/$/-4.0/ --with-gxx-include-dir=/include/c++/4.0.0 --with-slibdir=/usr/lib --build=i686-apple-darwin9 --with-arch=apple --with-tune=generic --host=i686-apple-darwin9 --target=i686-apple-darwin9
Thread model: posix
gcc version 4.0.1 (Apple Inc. build 5465)
configure:2262: $? = 0
configure:2264: g++ -V </dev/null >&5
g++-4.0: argument to `-V' is missing
configure:2267: $? = 1
configure:2290: checking for C++ compiler default output file name
configure:2293: g++    conftest.cc  >&5
configure:2296: $? = 0
configure:2342: result: a.out
configure:2347: checking whether the C++ compiler works
configure:2353: ./a.out
configure:2356: $? = 0
configure:2373: result: yes
configure:2380: checking whether we are cross compiling
configure:2382: result: no
configure:2385: checking for suffix of executables
configure:2387: g++ -o conftest    conftest.cc  >&5
configure:2390: $? = 0
configure:2415: result: 
configure:2421: checking for suffix of object files
configure:2442: g++ -c   conftest.cc >&5
configure:2445: $? = 0
configure:2467: result: o
configure:2471: checking whether we are using the GNU C++ compiler
configure:2495: g++ -c   conftest.cc >&5
configure:2501: $? = 0
configure:2505: test -z 
			 || test ! -s conftest.err
configure:2508: $? = 0
configure:2511: test -s conftest.o
configure:2514: $? = 0
configure:2527: result: yes
configure:2533: checking whether g++ accepts -g
configure:2554: g++ -c -g  conftest.cc >&5
configure:2560: $? = 0
configure:2564: test -z 
			 || test ! -s conftest.err
configure:2567: $? = 0
configure:2570: test -s conftest.o
configure:2573: $? = 0
configure:2584: result: yes
configure:2626: g++ -c -g -O2  conftest.cc >&5
configure:2632: $? = 0
configure:2636: test -z 
			 || test ! -s conftest.err
configure:2639: $? = 0
configure:2642: test -s conftest.o
configure:2645: $? = 0
configure:2671: g++ -c -g -O2  conftest.cc >&5
conftest.cc: In function 'int main()':
conftest.cc:15: error: 'exit' was not declared in this scope
configure:2677: $? = 1
configure: failed program was:
| /* confdefs.h.  */
| 
| #define PACKAGE_NAME "NCL"
| #define PACKAGE_TARNAME "ncl"
| #define PACKAGE_VERSION "2.0.02"
| #define PACKAGE_STRING "NCL 2.0.02"
| #define PACKAGE_BUGREPORT "paul.lewis@uconn.edu"
| #define PACKAGE "ncl"
| #define VERSION "2.0.02"
| /* end confdefs.h.  */
| 
| int
| main ()
| {
| exit (42);
|   ;
|   return 0;
| }
configure:2626: g++ -c -g -O2  conftest.cc >&5
/usr/include/stdlib.h:159: error: declaration of 'void std::exit(int)' throws different exceptions
conftest.cc:11: error: than previous declaration 'void std::exit(int) throw ()'
configure:2632: $? = 1
configure: failed program was:
| /* confdefs.h.  */
| 
| #define PACKAGE_NAME "NCL"
| #define PACKAGE_TARNAME "ncl"
| #define PACKAGE_VERSION "2.0.02"
| #define PACKAGE_STRING "NCL 2.0.02"
| #define PACKAGE_BUGREPORT "paul.lewis@uconn.edu"
| #define PACKAGE "ncl"
| #define VERSION "2.0.02"
| /* end confdefs.h.  */
| extern "C" void std::exit (int) throw (); using std::exit;
| #include <stdlib.h>
| int
| main ()
| {
| exit (42);
|   ;
|   return 0;
| }
configure:2626: g++ -c -g -O2  conftest.cc >&5
configure:2632: $? = 0
configure:2636: test -z 
			 || test ! -s conftest.err
configure:2639: $? = 0
configure:2642: test -s conftest.o
configure:2645: $? = 0
configure:2671: g++ -c -g -O2  conftest.cc >&5
configure:2677: $? = 0
configure:2681: test -z 
			 || test ! -s conftest.err
configure:2684: $? = 0
configure:2687: test -s conftest.o
configure:2690: $? = 0
configure:2724: checking for style of include used by make
configure:2752: result: GNU
configure:2780: checking dependency style of g++
configure:2870: result: gcc3
configure:2928: checking for ranlib
configure:2944: found /usr/bin/ranlib
configure:2955: result: ranlib
configure:3045: checking build system type
configure:3063: result: i686-apple-darwin9.1.0
configure:3071: checking host system type
configure:3085: result: i686-apple-darwin9.1.0
configure:3139: checking for gcc
configure:3155: found /usr/bin/gcc
configure:3165: result: gcc
configure:3409: checking for C compiler version
configure:3412: gcc --version </dev/null >&5
i686-apple-darwin9-gcc-4.0.1 (GCC) 4.0.1 (Apple Inc. build 5465)
Copyright (C) 2005 Free Software Foundation, Inc.
This is free software; see the source for copying conditions.  There is NO
warranty; not even for MERCHANTABILITY or FITNESS FOR A PARTICULAR PURPOSE.

configure:3415: $? = 0
configure:3417: gcc -v </dev/null >&5
Using built-in specs.
Target: i686-apple-darwin9
Configured with: /var/tmp/gcc/gcc-5465~16/src/configure --disable-checking -enable-werror --prefix=/usr --mandir=/share/man --enable-languages=c,objc,c++,obj-c++ --program-transform-name=/^[cg][^.-]*$/s/$/-4.0/ --with-gxx-include-dir=/include/c++/4.0.0 --with-slibdir=/usr/lib --build=i686-apple-darwin9 --with-arch=apple --with-tune=generic --host=i686-apple-darwin9 --target=i686-apple-darwin9
Thread model: posix
gcc version 4.0.1 (Apple Inc. build 5465)
configure:3420: $? = 0
configure:3422: gcc -V </dev/null >&5
gcc-4.0: argument to `-V' is missing
configure:3425: $? = 1
configure:3428: checking whether we are using the GNU C compiler
configure:3452: gcc -c   conftest.c >&5
configure:3458: $? = 0
configure:3462: test -z 
			 || test ! -s conftest.err
configure:3465: $? = 0
configure:3468: test -s conftest.o
configure:3471: $? = 0
configure:3484: result: yes
configure:3490: checking whether gcc accepts -g
configure:3511: gcc -c -g  conftest.c >&5
configure:3517: $? = 0
configure:3521: test -z 
			 || test ! -s conftest.err
configure:3524: $? = 0
configure:3527: test -s conftest.o
configure:3530: $? = 0
configure:3541: result: yes
configure:3558: checking for gcc option to accept ANSI C
configure:3628: gcc  -c -g -O2  conftest.c >&5
configure:3634: $? = 0
configure:3638: test -z 
			 || test ! -s conftest.err
configure:3641: $? = 0
configure:3644: test -s conftest.o
configure:3647: $? = 0
configure:3665: result: none needed
configure:3683: gcc -c -g -O2  conftest.c >&5
conftest.c:2: error: syntax error before 'me'
configure:3689: $? = 1
configure: failed program was:
| #ifndef __cplusplus
|   choke me
| #endif
configure:3824: checking dependency style of gcc
configure:3914: result: gcc3
configure:3931: checking for a sed that does not truncate output
configure:3985: result: /usr/bin/sed
configure:3988: checking for egrep
configure:3998: result: grep -E
configure:4014: checking for ld used by gcc
configure:4081: result: /usr/libexec/gcc/i686-apple-darwin9/4.0.1/ld
configure:4090: checking if the linker (/usr/libexec/gcc/i686-apple-darwin9/4.0.1/ld) is GNU ld
configure:4105: result: no
configure:4110: checking for /usr/libexec/gcc/i686-apple-darwin9/4.0.1/ld option to reload object files
configure:4117: result: -r
configure:4135: checking for BSD-compatible nm
configure:4177: result: /usr/bin/nm -p
configure:4181: checking how to recognise dependent libraries
configure:4353: result: pass_all
configure:4567: checking how to run the C preprocessor
configure:4602: gcc -E  conftest.c
configure:4608: $? = 0
configure:4640: gcc -E  conftest.c
conftest.c:14:28: error: ac_nonexistent.h: No such file or directory
configure:4646: $? = 1
configure: failed program was:
| /* confdefs.h.  */
| 
| #define PACKAGE_NAME "NCL"
| #define PACKAGE_TARNAME "ncl"
| #define PACKAGE_VERSION "2.0.02"
| #define PACKAGE_STRING "NCL 2.0.02"
| #define PACKAGE_BUGREPORT "paul.lewis@uconn.edu"
| #define PACKAGE "ncl"
| #define VERSION "2.0.02"
| #ifdef __cplusplus
| extern "C" void std::exit (int); using std::exit;
| #endif
| /* end confdefs.h.  */
| #include <ac_nonexistent.h>
configure:4685: result: gcc -E
configure:4709: gcc -E  conftest.c
configure:4715: $? = 0
configure:4747: gcc -E  conftest.c
conftest.c:14:28: error: ac_nonexistent.h: No such file or directory
configure:4753: $? = 1
configure: failed program was:
| /* confdefs.h.  */
| 
| #define PACKAGE_NAME "NCL"
| #define PACKAGE_TARNAME "ncl"
| #define PACKAGE_VERSION "2.0.02"
| #define PACKAGE_STRING "NCL 2.0.02"
| #define PACKAGE_BUGREPORT "paul.lewis@uconn.edu"
| #define PACKAGE "ncl"
| #define VERSION "2.0.02"
| #ifdef __cplusplus
| extern "C" void std::exit (int); using std::exit;
| #endif
| /* end confdefs.h.  */
| #include <ac_nonexistent.h>
configure:4797: checking for ANSI C header files
configure:4822: gcc -c -g -O2  conftest.c >&5
configure:4828: $? = 0
configure:4832: test -z 
			 || test ! -s conftest.err
configure:4835: $? = 0
configure:4838: test -s conftest.o
configure:4841: $? = 0
configure:4930: gcc -o conftest -g -O2   conftest.c  >&5
conftest.c: In function 'main':
conftest.c:31: warning: incompatible implicit declaration of built-in function 'exit'
configure:4933: $? = 0
configure:4935: ./conftest
configure:4938: $? = 0
configure:4953: result: yes
configure:4977: checking for sys/types.h
configure:4993: gcc -c -g -O2  conftest.c >&5
configure:4999: $? = 0
configure:5003: test -z 
			 || test ! -s conftest.err
configure:5006: $? = 0
configure:5009: test -s conftest.o
configure:5012: $? = 0
configure:5023: result: yes
configure:4977: checking for sys/stat.h
configure:4993: gcc -c -g -O2  conftest.c >&5
configure:4999: $? = 0
configure:5003: test -z 
			 || test ! -s conftest.err
configure:5006: $? = 0
configure:5009: test -s conftest.o
configure:5012: $? = 0
configure:5023: result: yes
configure:4977: checking for stdlib.h
configure:4993: gcc -c -g -O2  conftest.c >&5
configure:4999: $? = 0
configure:5003: test -z 
			 || test ! -s conftest.err
configure:5006: $? = 0
configure:5009: test -s conftest.o
configure:5012: $? = 0
configure:5023: result: yes
configure:4977: checking for string.h
configure:4993: gcc -c -g -O2  conftest.c >&5
configure:4999: $? = 0
configure:5003: test -z 
			 || test ! -s conftest.err
configure:5006: $? = 0
configure:5009: test -s conftest.o
configure:5012: $? = 0
configure:5023: result: yes
configure:4977: checking for memory.h
configure:4993: gcc -c -g -O2  conftest.c >&5
configure:4999: $? = 0
configure:5003: test -z 
			 || test ! -s conftest.err
configure:5006: $? = 0
configure:5009: test -s conftest.o
configure:5012: $? = 0
configure:5023: result: yes
configure:4977: checking for strings.h
configure:4993: gcc -c -g -O2  conftest.c >&5
configure:4999: $? = 0
configure:5003: test -z 
			 || test ! -s conftest.err
configure:5006: $? = 0
configure:5009: test -s conftest.o
configure:5012: $? = 0
configure:5023: result: yes
configure:4977: checking for inttypes.h
configure:4993: gcc -c -g -O2  conftest.c >&5
configure:4999: $? = 0
configure:5003: test -z 
			 || test ! -s conftest.err
configure:5006: $? = 0
configure:5009: test -s conftest.o
configure:5012: $? = 0
configure:5023: result: yes
configure:4977: checking for stdint.h
configure:4993: gcc -c -g -O2  conftest.c >&5
configure:4999: $? = 0
configure:5003: test -z 
			 || test ! -s conftest.err
configure:5006: $? = 0
configure:5009: test -s conftest.o
configure:5012: $? = 0
configure:5023: result: yes
configure:4977: checking for unistd.h
configure:4993: gcc -c -g -O2  conftest.c >&5
configure:4999: $? = 0
configure:5003: test -z 
			 || test ! -s conftest.err
configure:5006: $? = 0
configure:5009: test -s conftest.o
configure:5012: $? = 0
configure:5023: result: yes
configure:5049: checking dlfcn.h usability
configure:5061: gcc -c -g -O2  conftest.c >&5
configure:5067: $? = 0
configure:5071: test -z 
			 || test ! -s conftest.err
configure:5074: $? = 0
configure:5077: test -s conftest.o
configure:5080: $? = 0
configure:5090: result: yes
configure:5094: checking dlfcn.h presence
configure:5104: gcc -E  conftest.c
configure:5110: $? = 0
configure:5130: result: yes
configure:5165: checking for dlfcn.h
configure:5172: result: yes
configure:5195: checking how to run the C++ preprocessor
configure:5226: g++ -E  conftest.cc
configure:5232: $? = 0
configure:5264: g++ -E  conftest.cc
conftest.cc:25:28: error: ac_nonexistent.h: No such file or directory
configure:5270: $? = 1
configure: failed program was:
| /* confdefs.h.  */
| 
| #define PACKAGE_NAME "NCL"
| #define PACKAGE_TARNAME "ncl"
| #define PACKAGE_VERSION "2.0.02"
| #define PACKAGE_STRING "NCL 2.0.02"
| #define PACKAGE_BUGREPORT "paul.lewis@uconn.edu"
| #define PACKAGE "ncl"
| #define VERSION "2.0.02"
| #ifdef __cplusplus
| extern "C" void std::exit (int); using std::exit;
| #endif
| #define STDC_HEADERS 1
| #define HAVE_SYS_TYPES_H 1
| #define HAVE_SYS_STAT_H 1
| #define HAVE_STDLIB_H 1
| #define HAVE_STRING_H 1
| #define HAVE_MEMORY_H 1
| #define HAVE_STRINGS_H 1
| #define HAVE_INTTYPES_H 1
| #define HAVE_STDINT_H 1
| #define HAVE_UNISTD_H 1
| #define HAVE_DLFCN_H 1
| /* end confdefs.h.  */
| #include <ac_nonexistent.h>
configure:5309: result: g++ -E
configure:5333: g++ -E  conftest.cc
configure:5339: $? = 0
configure:5371: g++ -E  conftest.cc
conftest.cc:25:28: error: ac_nonexistent.h: No such file or directory
configure:5377: $? = 1
configure: failed program was:
| /* confdefs.h.  */
| 
| #define PACKAGE_NAME "NCL"
| #define PACKAGE_TARNAME "ncl"
| #define PACKAGE_VERSION "2.0.02"
| #define PACKAGE_STRING "NCL 2.0.02"
| #define PACKAGE_BUGREPORT "paul.lewis@uconn.edu"
| #define PACKAGE "ncl"
| #define VERSION "2.0.02"
| #ifdef __cplusplus
| extern "C" void std::exit (int); using std::exit;
| #endif
| #define STDC_HEADERS 1
| #define HAVE_SYS_TYPES_H 1
| #define HAVE_SYS_STAT_H 1
| #define HAVE_STDLIB_H 1
| #define HAVE_STRING_H 1
| #define HAVE_MEMORY_H 1
| #define HAVE_STRINGS_H 1
| #define HAVE_INTTYPES_H 1
| #define HAVE_STDINT_H 1
| #define HAVE_UNISTD_H 1
| #define HAVE_DLFCN_H 1
| /* end confdefs.h.  */
| #include <ac_nonexistent.h>
configure:5474: checking for g77
configure:5503: result: no
configure:5474: checking for f77
configure:5503: result: no
configure:5474: checking for xlf
configure:5503: result: no
configure:5474: checking for frt
configure:5503: result: no
configure:5474: checking for pgf77
configure:5503: result: no
configure:5474: checking for fort77
configure:5503: result: no
configure:5474: checking for fl32
configure:5503: result: no
configure:5474: checking for af77
configure:5503: result: no
configure:5474: checking for f90
configure:5503: result: no
configure:5474: checking for xlf90
configure:5503: result: no
configure:5474: checking for pgf90
configure:5503: result: no
configure:5474: checking for epcf90
configure:5503: result: no
configure:5474: checking for f95
configure:5503: result: no
configure:5474: checking for fort
configure:5503: result: no
configure:5474: checking for xlf95
configure:5503: result: no
configure:5474: checking for ifc
configure:5503: result: no
configure:5474: checking for efc
configure:5503: result: no
configure:5474: checking for pgf95
configure:5503: result: no
configure:5474: checking for lf95
configure:5503: result: no
configure:5474: checking for gfortran
configure:5503: result: no
configure:5515: checking for Fortran 77 compiler version
configure:5518:  --version </dev/null >&5
./configure: line 5519: --version: command not found
configure:5521: $? = 127
configure:5523:  -v </dev/null >&5
./configure: line 5524: -v: command not found
configure:5526: $? = 127
configure:5528:  -V </dev/null >&5
./configure: line 5529: -V: command not found
configure:5531: $? = 127
configure:5539: checking whether we are using the GNU Fortran 77 compiler
configure:5553:  -c  conftest.F >&5
./configure: line 5554: -c: command not found
configure:5559: $? = 127
configure: failed program was:
|       program main
| #ifndef __GNUC__
|        choke me
| #endif
| 
|       end
configure:5585: result: no
configure:5591: checking whether  accepts -g
configure:5603:  -c -g conftest.f >&5
./configure: line 5604: -c: command not found
configure:5609: $? = 127
configure: failed program was:
|       program main
| 
|       end
configure:5634: result: no
configure:5664: checking the maximum length of command line arguments
configure:5756: result: 196608
configure:5767: checking command to parse /usr/bin/nm -p output from gcc object
configure:5863: gcc -c -g -O2  conftest.c >&5
configure:5866: $? = 0
configure:5870: /usr/bin/nm -p conftest.o \| sed -n -e 's/^.*[ 	]\([BCDEGRST][BCDEGRST]*\)[ 	][ 	]*\([_A-Za-z][_A-Za-z0-9]*\)$/\1 \2 \2/p' \> conftest.nm
configure:5873: $? = 0
cannot find nm_test_var in conftest.nm
configure:5863: gcc -c -g -O2  conftest.c >&5
configure:5866: $? = 0
configure:5870: /usr/bin/nm -p conftest.o \| sed -n -e 's/^.*[ 	]\([BCDEGRST][BCDEGRST]*\)[ 	][ 	]*_\([_A-Za-z][_A-Za-z0-9]*\)$/\1 _\2 \2/p' \> conftest.nm
configure:5873: $? = 0
configure:5925: gcc -o conftest -g -O2   conftest.c conftstm.o >&5
configure:5928: $? = 0
configure:5966: result: ok
configure:5970: checking for objdir
configure:5985: result: .libs
configure:6075: checking for ar
configure:6091: found /usr/bin/ar
configure:6102: result: ar
configure:6155: checking for ranlib
configure:6182: result: ranlib
configure:6235: checking for strip
configure:6251: found /usr/bin/strip
configure:6262: result: strip
configure:6549: checking if gcc static flag  works
configure:6577: result: yes
configure:6599: checking if gcc supports -fno-rtti -fno-exceptions
configure:6617: gcc -c -g -O2  -fno-rtti -fno-exceptions conftest.c >&5
cc1: warning: command line option "-fno-rtti" is valid for C++/ObjC++ but not for C
configure:6621: $? = 0
configure:6634: result: no
configure:6649: checking for gcc option to produce PIC
configure:6853: result: -fno-common
configure:6861: checking if gcc PIC flag -fno-common works
configure:6879: gcc -c -g -O2  -fno-common -DPIC conftest.c >&5
configure:6883: $? = 0
configure:6896: result: yes
configure:6920: checking if gcc supports -c -o file.o
configure:6941: gcc -c -g -O2  -o out/conftest2.o conftest.c >&5
configure:6945: $? = 0
configure:6967: result: yes
configure:6993: checking whether the gcc linker (/usr/libexec/gcc/i686-apple-darwin9/4.0.1/ld) supports shared libraries
configure:7888: result: yes
configure:7959: checking dynamic linker characteristics
configure:8522: result: darwin9.1.0 dyld
configure:8526: checking how to hardcode library paths into programs
configure:8551: result: immediate
configure:8565: checking whether stripping libraries is possible
configure:8578: result: yes
configure:9400: checking if libtool supports shared libraries
configure:9402: result: yes
configure:9405: checking whether to build shared libraries
configure:9426: result: yes
configure:9429: checking whether to build static libraries
configure:9433: result: yes
configure:9525: creating libtool
configure:10103: checking for ld used by g++
configure:10170: result: /usr/libexec/gcc/i686-apple-darwin9/4.0.1/ld
configure:10179: checking if the linker (/usr/libexec/gcc/i686-apple-darwin9/4.0.1/ld) is GNU ld
configure:10194: result: no
configure:10245: checking whether the g++ linker (/usr/libexec/gcc/i686-apple-darwin9/4.0.1/ld) supports shared libraries
configure:11132: result: yes
configure:11154: g++ -c -g -O2  conftest.cc >&5
configure:11157: $? = 0
configure:11253: checking for g++ option to produce PIC
configure:11521: result: -fno-common
configure:11529: checking if g++ PIC flag -fno-common works
configure:11547: g++ -c -g -O2  -fno-common -DPIC conftest.cc >&5
configure:11551: $? = 0
configure:11564: result: yes
configure:11588: checking if g++ supports -c -o file.o
configure:11609: g++ -c -g -O2  -o out/conftest2.o conftest.cc >&5
configure:11613: $? = 0
configure:11635: result: yes
configure:11661: checking whether the g++ linker (/usr/libexec/gcc/i686-apple-darwin9/4.0.1/ld) supports shared libraries
configure:11686: result: yes
configure:11757: checking dynamic linker characteristics
configure:12320: result: darwin9.1.0 dyld
configure:12324: checking how to hardcode library paths into programs
configure:12349: result: immediate
configure:12363: checking whether stripping libraries is possible
configure:12376: result: yes
configure:19988: checking for ANSI C header files
configure:20144: result: yes
configure:20169: checking float.h usability
configure:20181: gcc -c -g -O2  conftest.c >&5
configure:20187: $? = 0
configure:20191: test -z 
			 || test ! -s conftest.err
configure:20194: $? = 0
configure:20197: test -s conftest.o
configure:20200: $? = 0
configure:20210: result: yes
configure:20214: checking float.h presence
configure:20224: gcc -E  conftest.c
configure:20230: $? = 0
configure:20250: result: yes
configure:20285: checking for float.h
configure:20292: result: yes
configure:20160: checking for stdlib.h
configure:20165: result: yes
configure:20307: checking for stdbool.h that conforms to C99
configure:20360: gcc -c -g -O2  conftest.c >&5
configure:20366: $? = 0
configure:20370: test -z 
			 || test ! -s conftest.err
configure:20373: $? = 0
configure:20376: test -s conftest.o
configure:20379: $? = 0
configure:20390: result: yes
configure:20392: checking for _Bool
configure:20416: gcc -c -g -O2  conftest.c >&5
configure:20422: $? = 0
configure:20426: test -z 
			 || test ! -s conftest.err
configure:20429: $? = 0
configure:20432: test -s conftest.o
configure:20435: $? = 0
configure:20446: result: yes
configure:20465: checking for an ANSI C-conforming const
configure:20532: gcc -c -g -O2  conftest.c >&5
configure:20538: $? = 0
configure:20542: test -z 
			 || test ! -s conftest.err
configure:20545: $? = 0
configure:20548: test -s conftest.o
configure:20551: $? = 0
configure:20562: result: yes
configure:20572: checking for inline
configure:20593: gcc -c -g -O2  conftest.c >&5
configure:20599: $? = 0
configure:20603: test -z 
			 || test ! -s conftest.err
configure:20606: $? = 0
configure:20609: test -s conftest.o
configure:20612: $? = 0
configure:20624: result: inline
configure:20643: checking whether struct tm is in sys/time.h or time.h
configure:20666: gcc -c -g -O2  conftest.c >&5
configure:20672: $? = 0
configure:20676: test -z 
			 || test ! -s conftest.err
configure:20679: $? = 0
configure:20682: test -s conftest.o
configure:20685: $? = 0
configure:20696: result: time.h
configure:20708: checking whether time.h and sys/time.h may both be included
configure:20733: gcc -c -g -O2  conftest.c >&5
configure:20739: $? = 0
configure:20743: test -z 
			 || test ! -s conftest.err
configure:20746: $? = 0
configure:20749: test -s conftest.o
configure:20752: $? = 0
configure:20763: result: yes
configure:20780: checking for stdlib.h
configure:20785: result: yes
configure:20789: checking sys/time.h usability
configure:20801: gcc -c -g -O2  conftest.c >&5
configure:20807: $? = 0
configure:20811: test -z 
			 || test ! -s conftest.err
configure:20814: $? = 0
configure:20817: test -s conftest.o
configure:20820: $? = 0
configure:20830: result: yes
configure:20834: checking sys/time.h presence
configure:20844: gcc -E  conftest.c
configure:20850: $? = 0
configure:20870: result: yes
configure:20905: checking for sys/time.h
configure:20912: result: yes
configure:20780: checking for unistd.h
configure:20785: result: yes
configure:20929: checking for alarm
configure:20986: gcc -o conftest -g -O2   conftest.c  >&5
configure:20992: $? = 0
configure:20996: test -z 
			 || test ! -s conftest.err
configure:20999: $? = 0
configure:21002: test -s conftest
configure:21005: $? = 0
configure:21017: result: yes
configure:21027: checking for working mktime
configure:21203: gcc -o conftest -g -O2   conftest.c  >&5
configure:21206: $? = 0
configure:21208: ./conftest
configure:21211: $? = 0
configure:21225: result: yes
configure:21238: checking for working strtod
configure:21281: gcc -o conftest -g -O2   conftest.c  >&5
conftest.c: In function 'main':
conftest.c:47: warning: incompatible implicit declaration of built-in function 'exit'
conftest.c:57: warning: incompatible implicit declaration of built-in function 'exit'
conftest.c:59: warning: incompatible implicit declaration of built-in function 'exit'
configure:21284: $? = 0
configure:21286: ./conftest
configure:21289: $? = 0
configure:21303: result: yes
configure:21487: checking for memmove
configure:21544: gcc -o conftest -g -O2   conftest.c  >&5
conftest.c:59: warning: conflicting types for built-in function 'memmove'
configure:21550: $? = 0
configure:21554: test -z 
			 || test ! -s conftest.err
configure:21557: $? = 0
configure:21560: test -s conftest
configure:21563: $? = 0
configure:21575: result: yes
configure:21487: checking for strchr
configure:21544: gcc -o conftest -g -O2   conftest.c  >&5
conftest.c:60: warning: conflicting types for built-in function 'strchr'
configure:21550: $? = 0
configure:21554: test -z 
			 || test ! -s conftest.err
configure:21557: $? = 0
configure:21560: test -s conftest
configure:21563: $? = 0
configure:21575: result: yes
configure:21487: checking for strtol
configure:21544: gcc -o conftest -g -O2   conftest.c  >&5
configure:21550: $? = 0
configure:21554: test -z 
			 || test ! -s conftest.err
configure:21557: $? = 0
configure:21560: test -s conftest
configure:21563: $? = 0
configure:21575: result: yes
configure:21586: checking whether make sets $(MAKE)
configure:21606: result: yes
configure:21734: creating ./config.status

## ---------------------- ##
## Running config.status. ##
## ---------------------- ##

This file was extended by NCL config.status 2.0.02, which was
generated by GNU Autoconf 2.59.  Invocation command line was

  CONFIG_FILES    = 
  CONFIG_HEADERS  = 
  CONFIG_LINKS    = 
  CONFIG_COMMANDS = 
  $ ./config.status 

on user-67-159-88-74.wireless.duke.edu

config.status:721: creating Makefile
config.status:721: creating example/Makefile
config.status:721: creating example/ncltest/Makefile
config.status:721: creating example/nclsimplest/Makefile
config.status:721: creating example/basiccmdline/Makefile
config.status:721: creating example/normalizer/Makefile
config.status:721: creating ncl/Makefile
config.status:825: creating config.h
config.status:1139: executing depfiles commands

## ---------------- ##
## Cache variables. ##
## ---------------- ##

ac_cv_build=i686-apple-darwin9.1.0
ac_cv_build_alias=i686-apple-darwin9.1.0
ac_cv_c_compiler_gnu=yes
ac_cv_c_const=yes
ac_cv_c_inline=inline
ac_cv_cxx_compiler_gnu=yes
ac_cv_env_CC_set=
ac_cv_env_CC_value=
ac_cv_env_CFLAGS_set=
ac_cv_env_CFLAGS_value=
ac_cv_env_CPPFLAGS_set=
ac_cv_env_CPPFLAGS_value=
ac_cv_env_CPP_set=
ac_cv_env_CPP_value=
ac_cv_env_CXXCPP_set=
ac_cv_env_CXXCPP_value=
ac_cv_env_CXXFLAGS_set=
ac_cv_env_CXXFLAGS_value=
ac_cv_env_CXX_set=
ac_cv_env_CXX_value=
ac_cv_env_F77_set=
ac_cv_env_F77_value=
ac_cv_env_FFLAGS_set=
ac_cv_env_FFLAGS_value=
ac_cv_env_LDFLAGS_set=
ac_cv_env_LDFLAGS_value=
ac_cv_env_build_alias_set=
ac_cv_env_build_alias_value=
ac_cv_env_host_alias_set=
ac_cv_env_host_alias_value=
ac_cv_env_target_alias_set=
ac_cv_env_target_alias_value=
ac_cv_exeext=
ac_cv_f77_compiler_gnu=no
ac_cv_func_alarm=yes
ac_cv_func_memmove=yes
ac_cv_func_strchr=yes
ac_cv_func_strtod=yes
ac_cv_func_strtol=yes
ac_cv_func_working_mktime=yes
ac_cv_header_dlfcn_h=yes
ac_cv_header_float_h=yes
ac_cv_header_inttypes_h=yes
ac_cv_header_memory_h=yes
ac_cv_header_stdbool_h=yes
ac_cv_header_stdc=yes
ac_cv_header_stdint_h=yes
ac_cv_header_stdlib_h=yes
ac_cv_header_string_h=yes
ac_cv_header_strings_h=yes
ac_cv_header_sys_stat_h=yes
ac_cv_header_sys_time_h=yes
ac_cv_header_sys_types_h=yes
ac_cv_header_time=yes
ac_cv_header_unistd_h=yes
ac_cv_host=i686-apple-darwin9.1.0
ac_cv_host_alias=i686-apple-darwin9.1.0
ac_cv_objext=o
ac_cv_path_install='/usr/bin/install -c'
ac_cv_prog_AWK=awk
ac_cv_prog_CPP='gcc -E'
ac_cv_prog_CXXCPP='g++ -E'
ac_cv_prog_ac_ct_AR=ar
ac_cv_prog_ac_ct_CC=gcc
ac_cv_prog_ac_ct_CXX=g++
ac_cv_prog_ac_ct_RANLIB=ranlib
ac_cv_prog_ac_ct_STRIP=strip
ac_cv_prog_cc_g=yes
ac_cv_prog_cc_stdc=
ac_cv_prog_cxx_g=yes
ac_cv_prog_egrep='grep -E'
ac_cv_prog_f77_g=no
ac_cv_prog_make_make_set=yes
ac_cv_struct_tm=time.h
ac_cv_type__Bool=yes
am_cv_CC_dependencies_compiler_type=gcc3
am_cv_CXX_dependencies_compiler_type=gcc3
am_cv_prog_tar_ustar=gnutar
lt_cv_deplibs_check_method=pass_all
lt_cv_file_magic_cmd='$MAGIC_CMD'
lt_cv_file_magic_test_file=
lt_cv_ld_reload_flag=-r
lt_cv_objdir=.libs
lt_cv_path_LD=/usr/libexec/gcc/i686-apple-darwin9/4.0.1/ld
lt_cv_path_LDCXX=/usr/libexec/gcc/i686-apple-darwin9/4.0.1/ld
lt_cv_path_NM='/usr/bin/nm -p'
lt_cv_path_SED=/usr/bin/sed
lt_cv_prog_compiler_c_o=yes
lt_cv_prog_compiler_c_o_CXX=yes
lt_cv_prog_compiler_rtti_exceptions=no
lt_cv_prog_gnu_ld=no
lt_cv_prog_gnu_ldcxx=no
lt_cv_sys_global_symbol_pipe='sed -n -e '\''s/^.*[ 	]\([BCDEGRST][BCDEGRST]*\)[ 	][ 	]*_\([_A-Za-z][_A-Za-z0-9]*\)$/\1 _\2 \2/p'\'''
lt_cv_sys_global_symbol_to_c_name_address='sed -n -e '\''s/^: \([^ ]*\) $/  {\"\1\", (lt_ptr) 0},/p'\'' -e '\''s/^[BCDEGRST] \([^ ]*\) \([^ ]*\)$/  {"\2", (lt_ptr) \&\2},/p'\'''
lt_cv_sys_global_symbol_to_cdecl='sed -n -e '\''s/^. .* \(.*\)$/extern int \1;/p'\'''
lt_cv_sys_max_cmd_len=196608
lt_lt_cv_prog_compiler_c_o='"yes"'
lt_lt_cv_prog_compiler_c_o_CXX='"yes"'
lt_lt_cv_sys_global_symbol_pipe='"sed -n -e '\''s/^.*[ 	]\\([BCDEGRST][BCDEGRST]*\\)[ 	][ 	]*_\\([_A-Za-z][_A-Za-z0-9]*\\)\$/\\1 _\\2 \\2/p'\''"'
lt_lt_cv_sys_global_symbol_to_c_name_address='"sed -n -e '\''s/^: \\([^ ]*\\) \$/  {\\\"\\1\\\", (lt_ptr) 0},/p'\'' -e '\''s/^[BCDEGRST] \\([^ ]*\\) \\([^ ]*\\)\$/  {\"\\2\", (lt_ptr) \\&\\2},/p'\''"'
lt_lt_cv_sys_global_symbol_to_cdecl='"sed -n -e '\''s/^. .* \\(.*\\)\$/extern int \\1;/p'\''"'

## ----------------- ##
## Output variables. ##
## ----------------- ##

ACLOCAL='${SHELL} /Users/bcomeara/Downloads/ncl-2.0.02/config/missing --run aclocal-1.9'
AMDEPBACKSLASH='\'
AMDEP_FALSE='#'
AMDEP_TRUE=''
AMTAR='${SHELL} /Users/bcomeara/Downloads/ncl-2.0.02/config/missing --run tar'
AR='ar'
AUTOCONF='${SHELL} /Users/bcomeara/Downloads/ncl-2.0.02/config/missing --run autoconf'
AUTOHEADER='${SHELL} /Users/bcomeara/Downloads/ncl-2.0.02/config/missing --run autoheader'
AUTOMAKE='${SHELL} /Users/bcomeara/Downloads/ncl-2.0.02/config/missing --run automake-1.9'
AWK='awk'
CC='gcc'
CCDEPMODE='depmode=gcc3'
CFLAGS='-g -O2'
CPP='gcc -E'
CPPFLAGS=''
CXX='g++'
CXXCPP='g++ -E'
CXXDEPMODE='depmode=gcc3'
CXXFLAGS=' -O3 -ffast-math  -Wno-long-double'
CYGPATH_W='echo'
DEFS='-DHAVE_CONFIG_H'
DEPDIR='.deps'
ECHO='/bin/echo'
ECHO_C='ECHO_N=''
ECHO_T=''
EGREP='grep -E'
EXEEXT=''
F77=''
FFLAGS=''
INSTALL_DATA='${INSTALL} -m 644'
INSTALL_PROGRAM='${INSTALL}'
INSTALL_SCRIPT='${INSTALL}'
INSTALL_STRIP_PROGRAM='${SHELL} $(install_sh) -c -s'
LDFLAGS=''
LIBOBJS=''
LIBS=''
LIBTOOL='$(SHELL) $(top_builddir)/libtool'
LN_S='ln -s'
LTLIBOBJS=''
MAKEINFO='${SHELL} /Users/bcomeara/Downloads/ncl-2.0.02/config/missing --run makeinfo'
OBJEXT='o'
PACKAGE='ncl'
PACKAGE_BUGREPORT='paul.lewis@uconn.edu'
PACKAGE_NAME='NCL'
PACKAGE_STRING='NCL 2.0.02'
PACKAGE_TARNAME='ncl'
PACKAGE_VERSION='2.0.02'
PATH_SEPARATOR=':'
POW_LIB=''
RANLIB='ranlib'
SET_MAKE=''
SHELL='/bin/sh'
STRIP='strip'
VERSION='2.0.02'
ac_ct_AR='ar'
ac_ct_CC='gcc'
ac_ct_CXX='g++'
ac_ct_F77=''
ac_ct_RANLIB='ranlib'
ac_ct_STRIP='strip'
am__fastdepCC_FALSE='#'
am__fastdepCC_TRUE=''
am__fastdepCXX_FALSE='#'
am__fastdepCXX_TRUE=''
am__include='include'
am__leading_dot='.'
am__quote=''
am__tar='tar --format=ustar -chf - "$$tardir"'
am__untar='tar -xf -'
bindir='${exec_prefix}/bin'
build='i686-apple-darwin9.1.0'
build_alias=''
build_cpu='i686'
build_os='darwin9.1.0'
build_vendor='apple'
datadir='${prefix}/share'
exec_prefix='${prefix}'
host='i686-apple-darwin9.1.0'
host_alias=''
host_cpu='i686'
host_os='darwin9.1.0'
host_vendor='apple'
includedir='${prefix}/include'
infodir='${prefix}/info'
install_sh='/Users/bcomeara/Downloads/ncl-2.0.02/config/install-sh'
libdir='${exec_prefix}/lib'
libexecdir='${exec_prefix}/libexec'
localstatedir='${prefix}/var'
mandir='${prefix}/man'
mkdir_p='$(mkinstalldirs)'
oldincludedir='/usr/include'
prefix='/usr/local'
program_transform_name='s,x,x,'
sbindir='${exec_prefix}/sbin'
sharedstatedir='${prefix}/com'
sysconfdir='${prefix}/etc'
target_alias=''

## ----------- ##
## confdefs.h. ##
## ----------- ##

#define HAVE_ALARM 1
#define HAVE_DLFCN_H 1
#define HAVE_FLOAT_H 1
#define HAVE_INTTYPES_H 1
#define HAVE_MEMMOVE 1
#define HAVE_MEMORY_H 1
#define HAVE_STDBOOL_H 1
#define HAVE_STDINT_H 1
#define HAVE_STDLIB_H 1
#define HAVE_STDLIB_H 1
#define HAVE_STDLIB_H 1
#define HAVE_STRCHR 1
#define HAVE_STRINGS_H 1
#define HAVE_STRING_H 1
#define HAVE_STRTOL 1
#define HAVE_SYS_STAT_H 1
#define HAVE_SYS_TIME_H 1
#define HAVE_SYS_TYPES_H 1
#define HAVE_UNISTD_H 1
#define HAVE_UNISTD_H 1
#define HAVE__BOOL 1
#define PACKAGE "ncl"
#define PACKAGE_BUGREPORT "paul.lewis@uconn.edu"
#define PACKAGE_NAME "NCL"
#define PACKAGE_STRING "NCL 2.0.02"
#define PACKAGE_TARNAME "ncl"
#define PACKAGE_VERSION "2.0.02"
#define STDC_HEADERS 1
#define STDC_HEADERS 1
#define TIME_WITH_SYS_TIME 1
#define VERSION "2.0.02"
#endif
#ifdef __cplusplus
extern "C" void std::exit (int); using std::exit;

configure: exit 0
