This file contains any messages produced by compilers while
running configure, to aid debugging if configure makes a mistake.

It was created by Rcpp configure 2.0, which was
generated by GNU Autoconf 2.57.  Invocation command line was

  $ ./configure 

## --------- ##
## Platform. ##
## --------- ##

hostname = user-67-159-88-74.wireless.duke.edu
uname -m = i386
uname -r = 9.1.0
uname -s = Darwin
uname -v = Darwin Kernel Version 9.1.0: Wed Oct 31 17:46:22 PDT 2007; root:xnu-1228.0.2~1/RELEASE_I386

/usr/bin/uname -p = i386
/bin/uname -X     = unknown

/bin/arch              = unknown
/usr/bin/arch -k       = unknown
/usr/convex/getsysinfo = unknown
hostinfo               = Mach kernel version:
	 Darwin Kernel Version 9.1.0: Wed Oct 31 17:46:22 PDT 2007; root:xnu-1228.0.2~1/RELEASE_I386
Kernel configured for up to 2 processors.
2 processors are physically available.
2 processors are logically available.
Processor type: i486 (Intel 80486)
Processors active: 0 1
Primary memory available: 2.00 gigabytes
Default processor set: 61 tasks, 236 threads, 2 processors
Load average: 0.68, Mach factor: 1.32
/bin/machine           = unknown
/usr/bin/oslevel       = unknown
/bin/universe          = unknown

PATH: /usr/bin
PATH: /bin
PATH: /usr/sbin
PATH: /sbin
PATH: /usr/local/bin
PATH: /usr/texbin
PATH: /usr/X11/bin
PATH: /usr/local/bin
PATH: /usr/local/graphviz-2.14/bin


## ----------- ##
## Core tests. ##
## ----------- ##

configure:1336: checking for C++ compiler version
configure:1339: g++ -arch i386 -isysroot /Developer/SDKs/MacOSX10.4u.sdk -mmacosx-version-min=10.4 --version </dev/null >&5
i686-apple-darwin9-g++-4.0.1 (GCC) 4.0.1 (Apple Inc. build 5465)
Copyright (C) 2005 Free Software Foundation, Inc.
This is free software; see the source for copying conditions.  There is NO
warranty; not even for MERCHANTABILITY or FITNESS FOR A PARTICULAR PURPOSE.

configure:1342: $? = 0
configure:1344: g++ -arch i386 -isysroot /Developer/SDKs/MacOSX10.4u.sdk -mmacosx-version-min=10.4 -v </dev/null >&5
Using built-in specs.
Target: i686-apple-darwin9
Configured with: /var/tmp/gcc/gcc-5465~16/src/configure --disable-checking -enable-werror --prefix=/usr --mandir=/share/man --enable-languages=c,objc,c++,obj-c++ --program-transform-name=/^[cg][^.-]*$/s/$/-4.0/ --with-gxx-include-dir=/include/c++/4.0.0 --with-slibdir=/usr/lib --build=i686-apple-darwin9 --with-arch=apple --with-tune=generic --host=i686-apple-darwin9 --target=i686-apple-darwin9
Thread model: posix
gcc version 4.0.1 (Apple Inc. build 5465)
configure:1347: $? = 0
configure:1349: g++ -arch i386 -isysroot /Developer/SDKs/MacOSX10.4u.sdk -mmacosx-version-min=10.4 -V </dev/null >&5
g++-4.0: argument to `-V' is missing
configure:1352: $? = 1
configure:1376: checking for C++ compiler default output
configure:1379: g++ -arch i386 -isysroot /Developer/SDKs/MacOSX10.4u.sdk -mmacosx-version-min=10.4 -g -O2 -march=nocona   conftest.cc  >&5
configure:1382: $? = 0
configure:1428: result: a.out
configure:1433: checking whether the C++ compiler works
configure:1439: ./a.out
configure:1442: $? = 0
configure:1459: result: yes
configure:1466: checking whether we are cross compiling
configure:1468: result: no
configure:1471: checking for suffix of executables
configure:1473: g++ -arch i386 -isysroot /Developer/SDKs/MacOSX10.4u.sdk -mmacosx-version-min=10.4 -o conftest -g -O2 -march=nocona   conftest.cc  >&5
configure:1476: $? = 0
configure:1501: result: 
configure:1507: checking for suffix of object files
configure:1529: g++ -arch i386 -isysroot /Developer/SDKs/MacOSX10.4u.sdk -mmacosx-version-min=10.4 -c -g -O2 -march=nocona  conftest.cc >&5
configure:1532: $? = 0
configure:1554: result: o
configure:1558: checking whether we are using the GNU C++ compiler
configure:1583: g++ -arch i386 -isysroot /Developer/SDKs/MacOSX10.4u.sdk -mmacosx-version-min=10.4 -c -g -O2 -march=nocona  conftest.cc >&5
configure:1586: $? = 0
configure:1589: test -s conftest.o
configure:1592: $? = 0
configure:1605: result: yes
configure:1611: checking whether g++ -arch i386 -isysroot /Developer/SDKs/MacOSX10.4u.sdk -mmacosx-version-min=10.4 accepts -g
configure:1633: g++ -arch i386 -isysroot /Developer/SDKs/MacOSX10.4u.sdk -mmacosx-version-min=10.4 -c -g  conftest.cc >&5
configure:1636: $? = 0
configure:1639: test -s conftest.o
configure:1642: $? = 0
configure:1653: result: yes
configure:1697: g++ -arch i386 -isysroot /Developer/SDKs/MacOSX10.4u.sdk -mmacosx-version-min=10.4 -c -g -O2 -march=nocona  conftest.cc >&5
configure:1700: $? = 0
configure:1703: test -s conftest.o
configure:1706: $? = 0
configure:1733: g++ -arch i386 -isysroot /Developer/SDKs/MacOSX10.4u.sdk -mmacosx-version-min=10.4 -c -g -O2 -march=nocona  conftest.cc >&5
configure: In function 'int main()':
configure:1728: error: 'exit' was not declared in this scope
configure:1736: $? = 1
configure: failed program was:
| #line 1716 "configure"
| /* confdefs.h.  */
| 
| #define PACKAGE_NAME "Rcpp"
| #define PACKAGE_TARNAME "rcpp"
| #define PACKAGE_VERSION "2.0"
| #define PACKAGE_STRING "Rcpp 2.0"
| #define PACKAGE_BUGREPORT ""
| /* end confdefs.h.  */
| 
| int
| main ()
| {
| exit (42);
|   ;
|   return 0;
| }
configure:1697: g++ -arch i386 -isysroot /Developer/SDKs/MacOSX10.4u.sdk -mmacosx-version-min=10.4 -c -g -O2 -march=nocona  conftest.cc >&5
configure:1700: $? = 0
configure:1703: test -s conftest.o
configure:1706: $? = 0
configure:1733: g++ -arch i386 -isysroot /Developer/SDKs/MacOSX10.4u.sdk -mmacosx-version-min=10.4 -c -g -O2 -march=nocona  conftest.cc >&5
configure:1736: $? = 0
configure:1739: test -s conftest.o
configure:1742: $? = 0
configure:1771: checking how to run the C++ preprocessor
configure:1803: g++ -arch i386 -isysroot /Developer/SDKs/MacOSX10.4u.sdk -mmacosx-version-min=10.4 -E  conftest.cc
configure:1809: $? = 0
configure:1841: g++ -arch i386 -isysroot /Developer/SDKs/MacOSX10.4u.sdk -mmacosx-version-min=10.4 -E  conftest.cc
configure:1843:28: error: ac_nonexistent.h: No such file or directory
configure:1847: $? = 1
configure: failed program was:
| #line 1832 "configure"
| /* confdefs.h.  */
| 
| #define PACKAGE_NAME "Rcpp"
| #define PACKAGE_TARNAME "rcpp"
| #define PACKAGE_VERSION "2.0"
| #define PACKAGE_STRING "Rcpp 2.0"
| #define PACKAGE_BUGREPORT ""
| #ifdef __cplusplus
| #include <stdlib.h>
| #endif
| /* end confdefs.h.  */
| #include <ac_nonexistent.h>
configure:1885: result: g++ -arch i386 -isysroot /Developer/SDKs/MacOSX10.4u.sdk -mmacosx-version-min=10.4 -E
configure:1910: g++ -arch i386 -isysroot /Developer/SDKs/MacOSX10.4u.sdk -mmacosx-version-min=10.4 -E  conftest.cc
configure:1916: $? = 0
configure:1948: g++ -arch i386 -isysroot /Developer/SDKs/MacOSX10.4u.sdk -mmacosx-version-min=10.4 -E  conftest.cc
configure:1950:28: error: ac_nonexistent.h: No such file or directory
configure:1954: $? = 1
configure: failed program was:
| #line 1939 "configure"
| /* confdefs.h.  */
| 
| #define PACKAGE_NAME "Rcpp"
| #define PACKAGE_TARNAME "rcpp"
| #define PACKAGE_VERSION "2.0"
| #define PACKAGE_STRING "Rcpp 2.0"
| #define PACKAGE_BUGREPORT ""
| #ifdef __cplusplus
| #include <stdlib.h>
| #endif
| /* end confdefs.h.  */
| #include <ac_nonexistent.h>
configure:2142: creating ./config.status

## ---------------------- ##
## Running config.status. ##
## ---------------------- ##

This file was extended by Rcpp config.status 2.0, which was
generated by GNU Autoconf 2.57.  Invocation command line was

  CONFIG_FILES    = 
  CONFIG_HEADERS  = 
  CONFIG_LINKS    = 
  CONFIG_COMMANDS = 
  $ ./config.status 

on user-67-159-88-74.wireless.duke.edu

config.status:598: creating src/Makevars

## ---------------- ##
## Cache variables. ##
## ---------------- ##

ac_cv_cxx_compiler_gnu=yes
ac_cv_env_CPPFLAGS_set=
ac_cv_env_CPPFLAGS_value=
ac_cv_env_CXXCPP_set=
ac_cv_env_CXXCPP_value=
ac_cv_env_CXXFLAGS_set=
ac_cv_env_CXXFLAGS_value=
ac_cv_env_CXX_set=
ac_cv_env_CXX_value=
ac_cv_env_LDFLAGS_set=
ac_cv_env_LDFLAGS_value=
ac_cv_env_build_alias_set=
ac_cv_env_build_alias_value=
ac_cv_env_host_alias_set=
ac_cv_env_host_alias_value=
ac_cv_env_target_alias_set=
ac_cv_env_target_alias_value=
ac_cv_exeext=
ac_cv_objext=o
ac_cv_prog_CXXCPP='g++ -arch i386 -isysroot /Developer/SDKs/MacOSX10.4u.sdk -mmacosx-version-min=10.4 -E'
ac_cv_prog_cxx_g=yes

## ----------------- ##
## Output variables. ##
## ----------------- ##

CPPFLAGS=' -I../RcppSrc'
CXX='g++ -arch i386 -isysroot /Developer/SDKs/MacOSX10.4u.sdk -mmacosx-version-min=10.4'
CXXCPP='g++ -arch i386 -isysroot /Developer/SDKs/MacOSX10.4u.sdk -mmacosx-version-min=10.4 -E'
CXXFLAGS='-g -O2 -march=nocona'
DEFS='-DPACKAGE_NAME=\"Rcpp\" -DPACKAGE_TARNAME=\"rcpp\" -DPACKAGE_VERSION=\"2.0\" -DPACKAGE_STRING=\"Rcpp\ 2.0\" -DPACKAGE_BUGREPORT=\"\" '
ECHO_C='ECHO_N=''
ECHO_T=''
EXEEXT=''
LDFLAGS=' -L../RcppSrc -lRcpp'
LIBOBJS=''
LIBS=''
LTLIBOBJS=''
OBJEXT='o'
PACKAGE_BUGREPORT=''
PACKAGE_NAME='Rcpp'
PACKAGE_STRING='Rcpp 2.0'
PACKAGE_TARNAME='rcpp'
PACKAGE_VERSION='2.0'
PATH_SEPARATOR=':'
SHELL='/bin/sh'
ac_ct_CXX=''
bindir='${exec_prefix}/bin'
build_alias=''
datadir='${prefix}/share'
exec_prefix='${prefix}'
host_alias=''
includedir='${prefix}/include'
infodir='${prefix}/info'
libdir='${exec_prefix}/lib'
libexecdir='${exec_prefix}/libexec'
localstatedir='${prefix}/var'
mandir='${prefix}/man'
oldincludedir='/usr/include'
prefix='/usr/local'
program_transform_name='s,x,x,'
sbindir='${exec_prefix}/sbin'
sharedstatedir='${prefix}/com'
sysconfdir='${prefix}/etc'
target_alias=''

## ----------- ##
## confdefs.h. ##
## ----------- ##

#define PACKAGE_BUGREPORT ""
#define PACKAGE_NAME "Rcpp"
#define PACKAGE_STRING "Rcpp 2.0"
#define PACKAGE_TARNAME "rcpp"
#define PACKAGE_VERSION "2.0"
#endif
#ifdef __cplusplus
#include <stdlib.h>

configure: exit 0
